::1 - - [27/Feb/2020:20:18:37 +0800] "GET /favicon.ico HTTP/1.1" 200 30894 "-" "Mozilla/5.0 (Windows NT 10.0; WOW64) AppleWebKit/537.36 (KHTML, like Gecko) Chrome/63.0.3239.132 Safari/537.36"
::1 - - [27/Feb/2020:20:18:38 +0800] "GET / HTTP/1.1" 302 - "-" "Mozilla/5.0 (Windows NT 10.0; WOW64) AppleWebKit/537.36 (KHTML, like Gecko) Chrome/63.0.3239.132 Safari/537.36"
::1 - - [27/Feb/2020:20:18:38 +0800] "GET /dashboard/ HTTP/1.1" 200 7577 "-" "Mozilla/5.0 (Windows NT 10.0; WOW64) AppleWebKit/537.36 (KHTML, like Gecko) Chrome/63.0.3239.132 Safari/537.36"
::1 - - [27/Feb/2020:20:18:38 +0800] "GET /dashboard/stylesheets/normalize.css HTTP/1.1" 200 6876 "http://localhost/dashboard/" "Mozilla/5.0 (Windows NT 10.0; WOW64) AppleWebKit/537.36 (KHTML, like Gecko) Chrome/63.0.3239.132 Safari/537.36"
::1 - - [27/Feb/2020:20:18:38 +0800] "GET /dashboard/stylesheets/all.css HTTP/1.1" 200 481698 "http://localhost/dashboard/" "Mozilla/5.0 (Windows NT 10.0; WOW64) AppleWebKit/537.36 (KHTML, like Gecko) Chrome/63.0.3239.132 Safari/537.36"
::1 - - [27/Feb/2020:20:18:38 +0800] "GET /dashboard/javascripts/modernizr.js HTTP/1.1" 200 51365 "http://localhost/dashboard/" "Mozilla/5.0 (Windows NT 10.0; WOW64) AppleWebKit/537.36 (KHTML, like Gecko) Chrome/63.0.3239.132 Safari/537.36"
::1 - - [27/Feb/2020:20:18:38 +0800] "GET /dashboard/images/xampp-logo.svg HTTP/1.1" 200 5427 "http://localhost/dashboard/" "Mozilla/5.0 (Windows NT 10.0; WOW64) AppleWebKit/537.36 (KHTML, like Gecko) Chrome/63.0.3239.132 Safari/537.36"
::1 - - [27/Feb/2020:20:18:38 +0800] "GET /dashboard/javascripts/all.js HTTP/1.1" 200 188385 "http://localhost/dashboard/" "Mozilla/5.0 (Windows NT 10.0; WOW64) AppleWebKit/537.36 (KHTML, like Gecko) Chrome/63.0.3239.132 Safari/537.36"
::1 - - [27/Feb/2020:20:18:38 +0800] "GET /dashboard/images/bitnami-xampp.png HTTP/1.1" 200 22133 "http://localhost/dashboard/" "Mozilla/5.0 (Windows NT 10.0; WOW64) AppleWebKit/537.36 (KHTML, like Gecko) Chrome/63.0.3239.132 Safari/537.36"
::1 - - [27/Feb/2020:20:18:38 +0800] "GET /dashboard/images/fastly-logo.png HTTP/1.1" 200 1770 "http://localhost/dashboard/" "Mozilla/5.0 (Windows NT 10.0; WOW64) AppleWebKit/537.36 (KHTML, like Gecko) Chrome/63.0.3239.132 Safari/537.36"
::1 - - [27/Feb/2020:20:18:38 +0800] "GET /dashboard/images/social-icons.png HTTP/1.1" 200 3361 "http://localhost/dashboard/stylesheets/all.css" "Mozilla/5.0 (Windows NT 10.0; WOW64) AppleWebKit/537.36 (KHTML, like Gecko) Chrome/63.0.3239.132 Safari/537.36"
::1 - - [27/Feb/2020:20:18:59 +0800] "GET /dashboard/images/favicon.png HTTP/1.1" 200 2508 "http://localhost/dashboard/" "Mozilla/5.0 (Windows NT 10.0; WOW64) AppleWebKit/537.36 (KHTML, like Gecko) Chrome/63.0.3239.132 Safari/537.36"
::1 - - [27/Feb/2020:20:19:51 +0800] "GET /phpmyadmin/ HTTP/1.1" 200 15617 "http://localhost/dashboard/" "Mozilla/5.0 (Windows NT 10.0; WOW64) AppleWebKit/537.36 (KHTML, like Gecko) Chrome/63.0.3239.132 Safari/537.36"
::1 - - [27/Feb/2020:20:19:53 +0800] "GET /phpmyadmin/js/vendor/codemirror/lib/codemirror.css?v=5.0.1 HTTP/1.1" 200 8705 "-" "Mozilla/5.0 (Windows NT 10.0; WOW64) AppleWebKit/537.36 (KHTML, like Gecko) Chrome/63.0.3239.132 Safari/537.36"
::1 - - [27/Feb/2020:20:19:53 +0800] "GET /phpmyadmin/themes/pmahomme/jquery/jquery-ui.css HTTP/1.1" 200 36566 "-" "Mozilla/5.0 (Windows NT 10.0; WOW64) AppleWebKit/537.36 (KHTML, like Gecko) Chrome/63.0.3239.132 Safari/537.36"
::1 - - [27/Feb/2020:20:19:53 +0800] "GET /phpmyadmin/js/vendor/codemirror/addon/hint/show-hint.css?v=5.0.1 HTTP/1.1" 200 623 "-" "Mozilla/5.0 (Windows NT 10.0; WOW64) AppleWebKit/537.36 (KHTML, like Gecko) Chrome/63.0.3239.132 Safari/537.36"
::1 - - [27/Feb/2020:20:19:53 +0800] "GET /phpmyadmin/js/vendor/codemirror/addon/lint/lint.css?v=5.0.1 HTTP/1.1" 200 2999 "-" "Mozilla/5.0 (Windows NT 10.0; WOW64) AppleWebKit/537.36 (KHTML, like Gecko) Chrome/63.0.3239.132 Safari/537.36"
::1 - - [27/Feb/2020:20:19:53 +0800] "GET /phpmyadmin/themes/pmahomme/css/theme.css?v=5.0.1&nocache=6175733722ltr&server=1 HTTP/1.1" 200 100397 "-" "Mozilla/5.0 (Windows NT 10.0; WOW64) AppleWebKit/537.36 (KHTML, like Gecko) Chrome/63.0.3239.132 Safari/537.36"
::1 - - [27/Feb/2020:20:19:53 +0800] "GET /phpmyadmin/js/vendor/jquery/jquery.min.js?v=5.0.1 HTTP/1.1" 200 88145 "-" "Mozilla/5.0 (Windows NT 10.0; WOW64) AppleWebKit/537.36 (KHTML, like Gecko) Chrome/63.0.3239.132 Safari/537.36"
::1 - - [27/Feb/2020:20:19:53 +0800] "GET /phpmyadmin/js/vendor/jquery/jquery-migrate.js?v=5.0.1 HTTP/1.1" 200 19092 "-" "Mozilla/5.0 (Windows NT 10.0; WOW64) AppleWebKit/537.36 (KHTML, like Gecko) Chrome/63.0.3239.132 Safari/537.36"
::1 - - [27/Feb/2020:20:19:53 +0800] "GET /phpmyadmin/js/vendor/sprintf.js?v=5.0.1 HTTP/1.1" 200 7387 "-" "Mozilla/5.0 (Windows NT 10.0; WOW64) AppleWebKit/537.36 (KHTML, like Gecko) Chrome/63.0.3239.132 Safari/537.36"
::1 - - [27/Feb/2020:20:19:53 +0800] "GET /phpmyadmin/js/ajax.js?v=5.0.1 HTTP/1.1" 200 36644 "-" "Mozilla/5.0 (Windows NT 10.0; WOW64) AppleWebKit/537.36 (KHTML, like Gecko) Chrome/63.0.3239.132 Safari/537.36"
::1 - - [27/Feb/2020:20:19:53 +0800] "GET /phpmyadmin/js/keyhandler.js?v=5.0.1 HTTP/1.1" 200 3337 "-" "Mozilla/5.0 (Windows NT 10.0; WOW64) AppleWebKit/537.36 (KHTML, like Gecko) Chrome/63.0.3239.132 Safari/537.36"
::1 - - [27/Feb/2020:20:19:53 +0800] "GET /phpmyadmin/js/vendor/jquery/jquery-ui.min.js?v=5.0.1 HTTP/1.1" 200 253681 "-" "Mozilla/5.0 (Windows NT 10.0; WOW64) AppleWebKit/537.36 (KHTML, like Gecko) Chrome/63.0.3239.132 Safari/537.36"
::1 - - [27/Feb/2020:20:19:53 +0800] "GET /phpmyadmin/js/vendor/bootstrap/bootstrap.bundle.min.js?v=5.0.1 HTTP/1.1" 200 78635 "-" "Mozilla/5.0 (Windows NT 10.0; WOW64) AppleWebKit/537.36 (KHTML, like Gecko) Chrome/63.0.3239.132 Safari/537.36"
::1 - - [27/Feb/2020:20:19:53 +0800] "GET /phpmyadmin/js/vendor/js.cookie.js?v=5.0.1 HTTP/1.1" 200 3883 "-" "Mozilla/5.0 (Windows NT 10.0; WOW64) AppleWebKit/537.36 (KHTML, like Gecko) Chrome/63.0.3239.132 Safari/537.36"
::1 - - [27/Feb/2020:20:19:53 +0800] "GET /phpmyadmin/js/vendor/jquery/jquery.mousewheel.js?v=5.0.1 HTTP/1.1" 200 8267 "-" "Mozilla/5.0 (Windows NT 10.0; WOW64) AppleWebKit/537.36 (KHTML, like Gecko) Chrome/63.0.3239.132 Safari/537.36"
::1 - - [27/Feb/2020:20:19:53 +0800] "GET /phpmyadmin/js/vendor/jquery/jquery.event.drag-2.2.js?v=5.0.1 HTTP/1.1" 200 12826 "-" "Mozilla/5.0 (Windows NT 10.0; WOW64) AppleWebKit/537.36 (KHTML, like Gecko) Chrome/63.0.3239.132 Safari/537.36"
::1 - - [27/Feb/2020:20:19:53 +0800] "GET /phpmyadmin/js/vendor/jquery/jquery-ui-timepicker-addon.js?v=5.0.1 HTTP/1.1" 200 78475 "-" "Mozilla/5.0 (Windows NT 10.0; WOW64) AppleWebKit/537.36 (KHTML, like Gecko) Chrome/63.0.3239.132 Safari/537.36"
::1 - - [27/Feb/2020:20:19:53 +0800] "GET /phpmyadmin/js/vendor/jquery/jquery.validate.js?v=5.0.1 HTTP/1.1" 200 50690 "-" "Mozilla/5.0 (Windows NT 10.0; WOW64) AppleWebKit/537.36 (KHTML, like Gecko) Chrome/63.0.3239.132 Safari/537.36"
::1 - - [27/Feb/2020:20:19:53 +0800] "GET /phpmyadmin/js/vendor/jquery/jquery.ba-hashchange-1.3.js?v=5.0.1 HTTP/1.1" 200 16522 "-" "Mozilla/5.0 (Windows NT 10.0; WOW64) AppleWebKit/537.36 (KHTML, like Gecko) Chrome/63.0.3239.132 Safari/537.36"
::1 - - [27/Feb/2020:20:19:53 +0800] "GET /phpmyadmin/js/menu_resizer.js?v=5.0.1 HTTP/1.1" 200 8276 "-" "Mozilla/5.0 (Windows NT 10.0; WOW64) AppleWebKit/537.36 (KHTML, like Gecko) Chrome/63.0.3239.132 Safari/537.36"
::1 - - [27/Feb/2020:20:19:53 +0800] "GET /phpmyadmin/js/vendor/jquery/jquery.debounce-1.0.5.js?v=5.0.1 HTTP/1.1" 200 1169 "-" "Mozilla/5.0 (Windows NT 10.0; WOW64) AppleWebKit/537.36 (KHTML, like Gecko) Chrome/63.0.3239.132 Safari/537.36"
::1 - - [27/Feb/2020:20:19:54 +0800] "GET /phpmyadmin/js/cross_framing_protection.js?v=5.0.1 HTTP/1.1" 200 465 "-" "Mozilla/5.0 (Windows NT 10.0; WOW64) AppleWebKit/537.36 (KHTML, like Gecko) Chrome/63.0.3239.132 Safari/537.36"
::1 - - [27/Feb/2020:20:19:54 +0800] "GET /phpmyadmin/js/rte.js?v=5.0.1 HTTP/1.1" 200 47818 "-" "Mozilla/5.0 (Windows NT 10.0; WOW64) AppleWebKit/537.36 (KHTML, like Gecko) Chrome/63.0.3239.132 Safari/537.36"
::1 - - [27/Feb/2020:20:19:54 +0800] "GET /phpmyadmin/js/vendor/tracekit.js?v=5.0.1 HTTP/1.1" 200 45389 "-" "Mozilla/5.0 (Windows NT 10.0; WOW64) AppleWebKit/537.36 (KHTML, like Gecko) Chrome/63.0.3239.132 Safari/537.36"
::1 - - [27/Feb/2020:20:19:54 +0800] "GET /phpmyadmin/js/error_report.js?v=5.0.1 HTTP/1.1" 200 10858 "-" "Mozilla/5.0 (Windows NT 10.0; WOW64) AppleWebKit/537.36 (KHTML, like Gecko) Chrome/63.0.3239.132 Safari/537.36"
::1 - - [27/Feb/2020:20:19:54 +0800] "GET /phpmyadmin/js/config.js?v=5.0.1 HTTP/1.1" 200 27402 "-" "Mozilla/5.0 (Windows NT 10.0; WOW64) AppleWebKit/537.36 (KHTML, like Gecko) Chrome/63.0.3239.132 Safari/537.36"
::1 - - [27/Feb/2020:20:19:54 +0800] "GET /phpmyadmin/js/doclinks.js?v=5.0.1 HTTP/1.1" 200 18970 "-" "Mozilla/5.0 (Windows NT 10.0; WOW64) AppleWebKit/537.36 (KHTML, like Gecko) Chrome/63.0.3239.132 Safari/537.36"
::1 - - [27/Feb/2020:20:19:54 +0800] "GET /phpmyadmin/js/functions.js?v=5.0.1 HTTP/1.1" 200 177699 "-" "Mozilla/5.0 (Windows NT 10.0; WOW64) AppleWebKit/537.36 (KHTML, like Gecko) Chrome/63.0.3239.132 Safari/537.36"
::1 - - [27/Feb/2020:20:19:54 +0800] "GET /phpmyadmin/js/navigation.js?v=5.0.1 HTTP/1.1" 200 62743 "-" "Mozilla/5.0 (Windows NT 10.0; WOW64) AppleWebKit/537.36 (KHTML, like Gecko) Chrome/63.0.3239.132 Safari/537.36"
::1 - - [27/Feb/2020:20:19:54 +0800] "GET /phpmyadmin/js/indexes.js?v=5.0.1 HTTP/1.1" 200 29379 "-" "Mozilla/5.0 (Windows NT 10.0; WOW64) AppleWebKit/537.36 (KHTML, like Gecko) Chrome/63.0.3239.132 Safari/537.36"
::1 - - [27/Feb/2020:20:19:54 +0800] "GET /phpmyadmin/js/common.js?v=5.0.1 HTTP/1.1" 200 4662 "-" "Mozilla/5.0 (Windows NT 10.0; WOW64) AppleWebKit/537.36 (KHTML, like Gecko) Chrome/63.0.3239.132 Safari/537.36"
::1 - - [27/Feb/2020:20:19:54 +0800] "GET /phpmyadmin/js/drag_drop_import.js?v=5.0.1 HTTP/1.1" 200 14528 "-" "Mozilla/5.0 (Windows NT 10.0; WOW64) AppleWebKit/537.36 (KHTML, like Gecko) Chrome/63.0.3239.132 Safari/537.36"
::1 - - [27/Feb/2020:20:19:54 +0800] "GET /phpmyadmin/js/page_settings.js?v=5.0.1 HTTP/1.1" 200 1746 "-" "Mozilla/5.0 (Windows NT 10.0; WOW64) AppleWebKit/537.36 (KHTML, like Gecko) Chrome/63.0.3239.132 Safari/537.36"
::1 - - [27/Feb/2020:20:19:54 +0800] "GET /phpmyadmin/js/shortcuts_handler.js?v=5.0.1 HTTP/1.1" 200 3379 "-" "Mozilla/5.0 (Windows NT 10.0; WOW64) AppleWebKit/537.36 (KHTML, like Gecko) Chrome/63.0.3239.132 Safari/537.36"
::1 - - [27/Feb/2020:20:19:54 +0800] "GET /phpmyadmin/js/vendor/codemirror/lib/codemirror.js?v=5.0.1 HTTP/1.1" 200 395660 "-" "Mozilla/5.0 (Windows NT 10.0; WOW64) AppleWebKit/537.36 (KHTML, like Gecko) Chrome/63.0.3239.132 Safari/537.36"
::1 - - [27/Feb/2020:20:19:54 +0800] "GET /phpmyadmin/js/vendor/codemirror/mode/sql/sql.js?v=5.0.1 HTTP/1.1" 200 47451 "-" "Mozilla/5.0 (Windows NT 10.0; WOW64) AppleWebKit/537.36 (KHTML, like Gecko) Chrome/63.0.3239.132 Safari/537.36"
::1 - - [27/Feb/2020:20:19:54 +0800] "GET /phpmyadmin/js/vendor/codemirror/addon/runmode/runmode.js?v=5.0.1 HTTP/1.1" 200 2500 "-" "Mozilla/5.0 (Windows NT 10.0; WOW64) AppleWebKit/537.36 (KHTML, like Gecko) Chrome/63.0.3239.132 Safari/537.36"
::1 - - [27/Feb/2020:20:19:54 +0800] "GET /phpmyadmin/js/vendor/codemirror/addon/hint/show-hint.js?v=5.0.1 HTTP/1.1" 200 17378 "-" "Mozilla/5.0 (Windows NT 10.0; WOW64) AppleWebKit/537.36 (KHTML, like Gecko) Chrome/63.0.3239.132 Safari/537.36"
::1 - - [27/Feb/2020:20:19:54 +0800] "GET /phpmyadmin/js/vendor/codemirror/addon/hint/sql-hint.js?v=5.0.1 HTTP/1.1" 200 9599 "-" "Mozilla/5.0 (Windows NT 10.0; WOW64) AppleWebKit/537.36 (KHTML, like Gecko) Chrome/63.0.3239.132 Safari/537.36"
::1 - - [27/Feb/2020:20:19:54 +0800] "GET /phpmyadmin/js/codemirror/addon/lint/sql-lint.js?v=5.0.1 HTTP/1.1" 200 1156 "-" "Mozilla/5.0 (Windows NT 10.0; WOW64) AppleWebKit/537.36 (KHTML, like Gecko) Chrome/63.0.3239.132 Safari/537.36"
::1 - - [27/Feb/2020:20:19:54 +0800] "GET /phpmyadmin/js/vendor/codemirror/addon/lint/lint.js?v=5.0.1 HTTP/1.1" 200 8610 "-" "Mozilla/5.0 (Windows NT 10.0; WOW64) AppleWebKit/537.36 (KHTML, like Gecko) Chrome/63.0.3239.132 Safari/537.36"
::1 - - [27/Feb/2020:20:19:54 +0800] "GET /phpmyadmin/js/console.js?v=5.0.1 HTTP/1.1" 200 57024 "-" "Mozilla/5.0 (Windows NT 10.0; WOW64) AppleWebKit/537.36 (KHTML, like Gecko) Chrome/63.0.3239.132 Safari/537.36"
::1 - - [27/Feb/2020:20:19:53 +0800] "GET /phpmyadmin/js/whitelist.php?v=5.0.1&lang=zh_CN HTTP/1.1" 200 478 "-" "Mozilla/5.0 (Windows NT 10.0; WOW64) AppleWebKit/537.36 (KHTML, like Gecko) Chrome/63.0.3239.132 Safari/537.36"
::1 - - [27/Feb/2020:20:19:54 +0800] "GET /phpmyadmin/themes/pmahomme/img/logo_left.png HTTP/1.1" 200 2713 "-" "Mozilla/5.0 (Windows NT 10.0; WOW64) AppleWebKit/537.36 (KHTML, like Gecko) Chrome/63.0.3239.132 Safari/537.36"
::1 - - [27/Feb/2020:20:19:54 +0800] "GET /phpmyadmin/js/messages.php?l=zh_CN&v=5.0.1&lang=zh_CN HTTP/1.1" 200 9704 "-" "Mozilla/5.0 (Windows NT 10.0; WOW64) AppleWebKit/537.36 (KHTML, like Gecko) Chrome/63.0.3239.132 Safari/537.36"
::1 - - [27/Feb/2020:20:19:54 +0800] "GET /phpmyadmin/themes/dot.gif HTTP/1.1" 200 43 "-" "Mozilla/5.0 (Windows NT 10.0; WOW64) AppleWebKit/537.36 (KHTML, like Gecko) Chrome/63.0.3239.132 Safari/537.36"
::1 - - [27/Feb/2020:20:19:54 +0800] "GET /phpmyadmin/themes/pmahomme/css/printview.css?v=5.0.1 HTTP/1.1" 200 1455 "-" "Mozilla/5.0 (Windows NT 10.0; WOW64) AppleWebKit/537.36 (KHTML, like Gecko) Chrome/63.0.3239.132 Safari/537.36"
::1 - - [27/Feb/2020:20:19:54 +0800] "GET /phpmyadmin/themes/pmahomme/img/b_home.png HTTP/1.1" 200 734 "http://localhost/phpmyadmin/themes/pmahomme/css/theme.css?v=5.0.1&nocache=6175733722ltr&server=1" "Mozilla/5.0 (Windows NT 10.0; WOW64) AppleWebKit/537.36 (KHTML, like Gecko) Chrome/63.0.3239.132 Safari/537.36"
::1 - - [27/Feb/2020:20:19:54 +0800] "GET /phpmyadmin/themes/pmahomme/img/left_nav_bg.png HTTP/1.1" 200 146 "http://localhost/phpmyadmin/themes/pmahomme/css/theme.css?v=5.0.1&nocache=6175733722ltr&server=1" "Mozilla/5.0 (Windows NT 10.0; WOW64) AppleWebKit/537.36 (KHTML, like Gecko) Chrome/63.0.3239.132 Safari/537.36"
::1 - - [27/Feb/2020:20:19:54 +0800] "GET /phpmyadmin/themes/pmahomme/img/s_loggoff.png HTTP/1.1" 200 626 "http://localhost/phpmyadmin/themes/pmahomme/css/theme.css?v=5.0.1&nocache=6175733722ltr&server=1" "Mozilla/5.0 (Windows NT 10.0; WOW64) AppleWebKit/537.36 (KHTML, like Gecko) Chrome/63.0.3239.132 Safari/537.36"
::1 - - [27/Feb/2020:20:19:54 +0800] "GET /phpmyadmin/themes/pmahomme/img/b_docs.png HTTP/1.1" 200 705 "http://localhost/phpmyadmin/themes/pmahomme/css/theme.css?v=5.0.1&nocache=6175733722ltr&server=1" "Mozilla/5.0 (Windows NT 10.0; WOW64) AppleWebKit/537.36 (KHTML, like Gecko) Chrome/63.0.3239.132 Safari/537.36"
::1 - - [27/Feb/2020:20:19:54 +0800] "GET /phpmyadmin/themes/pmahomme/img/s_cog.png HTTP/1.1" 200 442 "http://localhost/phpmyadmin/themes/pmahomme/css/theme.css?v=5.0.1&nocache=6175733722ltr&server=1" "Mozilla/5.0 (Windows NT 10.0; WOW64) AppleWebKit/537.36 (KHTML, like Gecko) Chrome/63.0.3239.132 Safari/537.36"
::1 - - [27/Feb/2020:20:19:54 +0800] "GET /phpmyadmin/themes/pmahomme/img/b_sqlhelp.png HTTP/1.1" 200 512 "http://localhost/phpmyadmin/themes/pmahomme/css/theme.css?v=5.0.1&nocache=6175733722ltr&server=1" "Mozilla/5.0 (Windows NT 10.0; WOW64) AppleWebKit/537.36 (KHTML, like Gecko) Chrome/63.0.3239.132 Safari/537.36"
::1 - - [27/Feb/2020:20:19:54 +0800] "GET /phpmyadmin/themes/pmahomme/img/s_reload.png HTTP/1.1" 200 527 "http://localhost/phpmyadmin/themes/pmahomme/css/theme.css?v=5.0.1&nocache=6175733722ltr&server=1" "Mozilla/5.0 (Windows NT 10.0; WOW64) AppleWebKit/537.36 (KHTML, like Gecko) Chrome/63.0.3239.132 Safari/537.36"
::1 - - [27/Feb/2020:20:19:54 +0800] "GET /phpmyadmin/themes/pmahomme/img/ajax_clock_small.gif HTTP/1.1" 200 1810 "http://localhost/phpmyadmin/themes/pmahomme/css/theme.css?v=5.0.1&nocache=6175733722ltr&server=1" "Mozilla/5.0 (Windows NT 10.0; WOW64) AppleWebKit/537.36 (KHTML, like Gecko) Chrome/63.0.3239.132 Safari/537.36"
::1 - - [27/Feb/2020:20:19:54 +0800] "GET /phpmyadmin/themes/pmahomme/img/s_link.png HTTP/1.1" 200 280 "http://localhost/phpmyadmin/themes/pmahomme/css/theme.css?v=5.0.1&nocache=6175733722ltr&server=1" "Mozilla/5.0 (Windows NT 10.0; WOW64) AppleWebKit/537.36 (KHTML, like Gecko) Chrome/63.0.3239.132 Safari/537.36"
::1 - - [27/Feb/2020:20:19:54 +0800] "GET /phpmyadmin/themes/pmahomme/img/b_newdb.png HTTP/1.1" 200 585 "http://localhost/phpmyadmin/themes/pmahomme/css/theme.css?v=5.0.1&nocache=6175733722ltr&server=1" "Mozilla/5.0 (Windows NT 10.0; WOW64) AppleWebKit/537.36 (KHTML, like Gecko) Chrome/63.0.3239.132 Safari/537.36"
::1 - - [27/Feb/2020:20:19:54 +0800] "GET /phpmyadmin/themes/pmahomme/img/s_db.png HTTP/1.1" 200 328 "http://localhost/phpmyadmin/themes/pmahomme/css/theme.css?v=5.0.1&nocache=6175733722ltr&server=1" "Mozilla/5.0 (Windows NT 10.0; WOW64) AppleWebKit/537.36 (KHTML, like Gecko) Chrome/63.0.3239.132 Safari/537.36"
::1 - - [27/Feb/2020:20:19:54 +0800] "GET /phpmyadmin/themes/pmahomme/img/b_plus.png HTTP/1.1" 200 143 "http://localhost/phpmyadmin/themes/pmahomme/css/theme.css?v=5.0.1&nocache=6175733722ltr&server=1" "Mozilla/5.0 (Windows NT 10.0; WOW64) AppleWebKit/537.36 (KHTML, like Gecko) Chrome/63.0.3239.132 Safari/537.36"
::1 - - [27/Feb/2020:20:19:54 +0800] "GET /phpmyadmin/themes/pmahomme/img/window-new.png HTTP/1.1" 200 468 "http://localhost/phpmyadmin/themes/pmahomme/css/theme.css?v=5.0.1&nocache=6175733722ltr&server=1" "Mozilla/5.0 (Windows NT 10.0; WOW64) AppleWebKit/537.36 (KHTML, like Gecko) Chrome/63.0.3239.132 Safari/537.36"
::1 - - [27/Feb/2020:20:19:54 +0800] "GET /phpmyadmin/themes/pmahomme/img/b_help.png HTTP/1.1" 200 705 "http://localhost/phpmyadmin/themes/pmahomme/css/theme.css?v=5.0.1&nocache=6175733722ltr&server=1" "Mozilla/5.0 (Windows NT 10.0; WOW64) AppleWebKit/537.36 (KHTML, like Gecko) Chrome/63.0.3239.132 Safari/537.36"
::1 - - [27/Feb/2020:20:19:54 +0800] "GET /phpmyadmin/themes/pmahomme/img/s_asci.png HTTP/1.1" 200 148 "http://localhost/phpmyadmin/themes/pmahomme/css/theme.css?v=5.0.1&nocache=6175733722ltr&server=1" "Mozilla/5.0 (Windows NT 10.0; WOW64) AppleWebKit/537.36 (KHTML, like Gecko) Chrome/63.0.3239.132 Safari/537.36"
::1 - - [27/Feb/2020:20:19:54 +0800] "GET /phpmyadmin/themes/pmahomme/img/b_tblops.png HTTP/1.1" 200 537 "http://localhost/phpmyadmin/themes/pmahomme/css/theme.css?v=5.0.1&nocache=6175733722ltr&server=1" "Mozilla/5.0 (Windows NT 10.0; WOW64) AppleWebKit/537.36 (KHTML, like Gecko) Chrome/63.0.3239.132 Safari/537.36"
::1 - - [27/Feb/2020:20:19:54 +0800] "GET /phpmyadmin/themes/pmahomme/img/s_lang.png HTTP/1.1" 200 659 "http://localhost/phpmyadmin/themes/pmahomme/css/theme.css?v=5.0.1&nocache=6175733722ltr&server=1" "Mozilla/5.0 (Windows NT 10.0; WOW64) AppleWebKit/537.36 (KHTML, like Gecko) Chrome/63.0.3239.132 Safari/537.36"
::1 - - [27/Feb/2020:20:19:54 +0800] "GET /phpmyadmin/themes/pmahomme/img/s_theme.png HTTP/1.1" 200 772 "http://localhost/phpmyadmin/themes/pmahomme/css/theme.css?v=5.0.1&nocache=6175733722ltr&server=1" "Mozilla/5.0 (Windows NT 10.0; WOW64) AppleWebKit/537.36 (KHTML, like Gecko) Chrome/63.0.3239.132 Safari/537.36"
::1 - - [27/Feb/2020:20:19:54 +0800] "GET /phpmyadmin/themes/pmahomme/img/console.png HTTP/1.1" 200 292 "http://localhost/phpmyadmin/themes/pmahomme/css/theme.css?v=5.0.1&nocache=6175733722ltr&server=1" "Mozilla/5.0 (Windows NT 10.0; WOW64) AppleWebKit/537.36 (KHTML, like Gecko) Chrome/63.0.3239.132 Safari/537.36"
::1 - - [27/Feb/2020:20:19:54 +0800] "GET /phpmyadmin/themes/pmahomme/img/s_top.png HTTP/1.1" 200 220 "http://localhost/phpmyadmin/themes/pmahomme/css/theme.css?v=5.0.1&nocache=6175733722ltr&server=1" "Mozilla/5.0 (Windows NT 10.0; WOW64) AppleWebKit/537.36 (KHTML, like Gecko) Chrome/63.0.3239.132 Safari/537.36"
::1 - - [27/Feb/2020:20:19:54 +0800] "GET /phpmyadmin/themes/pmahomme/img/b_sql.png HTTP/1.1" 200 680 "http://localhost/phpmyadmin/themes/pmahomme/css/theme.css?v=5.0.1&nocache=6175733722ltr&server=1" "Mozilla/5.0 (Windows NT 10.0; WOW64) AppleWebKit/537.36 (KHTML, like Gecko) Chrome/63.0.3239.132 Safari/537.36"
::1 - - [27/Feb/2020:20:19:54 +0800] "GET /phpmyadmin/themes/pmahomme/img/s_status.png HTTP/1.1" 200 600 "http://localhost/phpmyadmin/themes/pmahomme/css/theme.css?v=5.0.1&nocache=6175733722ltr&server=1" "Mozilla/5.0 (Windows NT 10.0; WOW64) AppleWebKit/537.36 (KHTML, like Gecko) Chrome/63.0.3239.132 Safari/537.36"
::1 - - [27/Feb/2020:20:19:54 +0800] "GET /phpmyadmin/themes/pmahomme/img/s_rights.png HTTP/1.1" 200 461 "http://localhost/phpmyadmin/themes/pmahomme/css/theme.css?v=5.0.1&nocache=6175733722ltr&server=1" "Mozilla/5.0 (Windows NT 10.0; WOW64) AppleWebKit/537.36 (KHTML, like Gecko) Chrome/63.0.3239.132 Safari/537.36"
::1 - - [27/Feb/2020:20:19:54 +0800] "GET /phpmyadmin/themes/pmahomme/img/b_export.png HTTP/1.1" 200 514 "http://localhost/phpmyadmin/themes/pmahomme/css/theme.css?v=5.0.1&nocache=6175733722ltr&server=1" "Mozilla/5.0 (Windows NT 10.0; WOW64) AppleWebKit/537.36 (KHTML, like Gecko) Chrome/63.0.3239.132 Safari/537.36"
::1 - - [27/Feb/2020:20:19:54 +0800] "GET /phpmyadmin/themes/pmahomme/img/b_import.png HTTP/1.1" 200 556 "http://localhost/phpmyadmin/themes/pmahomme/css/theme.css?v=5.0.1&nocache=6175733722ltr&server=1" "Mozilla/5.0 (Windows NT 10.0; WOW64) AppleWebKit/537.36 (KHTML, like Gecko) Chrome/63.0.3239.132 Safari/537.36"
::1 - - [27/Feb/2020:20:19:54 +0800] "GET /phpmyadmin/themes/pmahomme/img/s_replication.png HTTP/1.1" 200 399 "http://localhost/phpmyadmin/themes/pmahomme/css/theme.css?v=5.0.1&nocache=6175733722ltr&server=1" "Mozilla/5.0 (Windows NT 10.0; WOW64) AppleWebKit/537.36 (KHTML, like Gecko) Chrome/63.0.3239.132 Safari/537.36"
::1 - - [27/Feb/2020:20:19:54 +0800] "GET /phpmyadmin/themes/pmahomme/img/s_vars.png HTTP/1.1" 200 523 "http://localhost/phpmyadmin/themes/pmahomme/css/theme.css?v=5.0.1&nocache=6175733722ltr&server=1" "Mozilla/5.0 (Windows NT 10.0; WOW64) AppleWebKit/537.36 (KHTML, like Gecko) Chrome/63.0.3239.132 Safari/537.36"
::1 - - [27/Feb/2020:20:19:54 +0800] "GET /phpmyadmin/themes/pmahomme/img/b_engine.png HTTP/1.1" 200 398 "http://localhost/phpmyadmin/themes/pmahomme/css/theme.css?v=5.0.1&nocache=6175733722ltr&server=1" "Mozilla/5.0 (Windows NT 10.0; WOW64) AppleWebKit/537.36 (KHTML, like Gecko) Chrome/63.0.3239.132 Safari/537.36"
::1 - - [27/Feb/2020:20:19:54 +0800] "GET /phpmyadmin/themes/pmahomme/img/b_plugin.png HTTP/1.1" 200 512 "http://localhost/phpmyadmin/themes/pmahomme/css/theme.css?v=5.0.1&nocache=6175733722ltr&server=1" "Mozilla/5.0 (Windows NT 10.0; WOW64) AppleWebKit/537.36 (KHTML, like Gecko) Chrome/63.0.3239.132 Safari/537.36"
::1 - - [27/Feb/2020:20:19:54 +0800] "GET /phpmyadmin/themes/pmahomme/img/s_host.png HTTP/1.1" 200 591 "http://localhost/phpmyadmin/themes/pmahomme/css/theme.css?v=5.0.1&nocache=6175733722ltr&server=1" "Mozilla/5.0 (Windows NT 10.0; WOW64) AppleWebKit/537.36 (KHTML, like Gecko) Chrome/63.0.3239.132 Safari/537.36"
::1 - - [27/Feb/2020:20:19:55 +0800] "POST /phpmyadmin/ajax.php HTTP/1.1" 200 1492 "-" "Mozilla/5.0 (Windows NT 10.0; WOW64) AppleWebKit/537.36 (KHTML, like Gecko) Chrome/63.0.3239.132 Safari/537.36"
::1 - - [27/Feb/2020:20:19:55 +0800] "GET /phpmyadmin/themes/pmahomme/img/b_more.png HTTP/1.1" 200 111 "http://localhost/phpmyadmin/themes/pmahomme/css/theme.css?v=5.0.1&nocache=6175733722ltr&server=1" "Mozilla/5.0 (Windows NT 10.0; WOW64) AppleWebKit/537.36 (KHTML, like Gecko) Chrome/63.0.3239.132 Safari/537.36"
::1 - - [27/Feb/2020:20:19:55 +0800] "POST /phpmyadmin/navigation.php?ajax_request=1&lang=zh_CN HTTP/1.1" 200 2264 "-" "Mozilla/5.0 (Windows NT 10.0; WOW64) AppleWebKit/537.36 (KHTML, like Gecko) Chrome/63.0.3239.132 Safari/537.36"
::1 - - [27/Feb/2020:20:19:55 +0800] "POST /phpmyadmin/ajax.php HTTP/1.1" 200 1587 "-" "Mozilla/5.0 (Windows NT 10.0; WOW64) AppleWebKit/537.36 (KHTML, like Gecko) Chrome/63.0.3239.132 Safari/537.36"
::1 - - [27/Feb/2020:20:19:56 +0800] "GET /phpmyadmin/favicon.ico HTTP/1.1" 200 22486 "-" "Mozilla/5.0 (Windows NT 10.0; WOW64) AppleWebKit/537.36 (KHTML, like Gecko) Chrome/63.0.3239.132 Safari/537.36"
::1 - - [27/Feb/2020:20:19:56 +0800] "POST /phpmyadmin/ajax.php HTTP/1.1" 200 1482 "-" "Mozilla/5.0 (Windows NT 10.0; WOW64) AppleWebKit/537.36 (KHTML, like Gecko) Chrome/63.0.3239.132 Safari/537.36"
::1 - - [27/Feb/2020:20:19:57 +0800] "GET /phpmyadmin/themes/pmahomme/img/b_left.png HTTP/1.1" 200 114 "http://localhost/phpmyadmin/themes/pmahomme/css/theme.css?v=5.0.1&nocache=6175733722ltr&server=1" "Mozilla/5.0 (Windows NT 10.0; WOW64) AppleWebKit/537.36 (KHTML, like Gecko) Chrome/63.0.3239.132 Safari/537.36"
::1 - - [27/Feb/2020:20:19:57 +0800] "GET /phpmyadmin/themes/pmahomme/img/b_right.png HTTP/1.1" 200 113 "http://localhost/phpmyadmin/themes/pmahomme/css/theme.css?v=5.0.1&nocache=6175733722ltr&server=1" "Mozilla/5.0 (Windows NT 10.0; WOW64) AppleWebKit/537.36 (KHTML, like Gecko) Chrome/63.0.3239.132 Safari/537.36"
::1 - - [27/Feb/2020:20:19:56 +0800] "POST /phpmyadmin/version_check.php HTTP/1.1" 200 64 "-" "Mozilla/5.0 (Windows NT 10.0; WOW64) AppleWebKit/537.36 (KHTML, like Gecko) Chrome/63.0.3239.132 Safari/537.36"
::1 - - [27/Feb/2020:20:19:56 +0800] "POST /phpmyadmin/db_structure.php?ajax_request=1&favorite_table=1&sync_favorite_tables=1&lang=zh_CN HTTP/1.1" 200 162 "-" "Mozilla/5.0 (Windows NT 10.0; WOW64) AppleWebKit/537.36 (KHTML, like Gecko) Chrome/63.0.3239.132 Safari/537.36"
::1 - - [27/Feb/2020:20:20:51 +0800] "GET /phpmyadmin/server_privileges.php?viewing_mode=server&lang=zh_CN&ajax_request=true&ajax_page_request=true&_nocache=1582806051352528081&token=5336753e77776b4b257f7f6722417b30 HTTP/1.1" 200 3162 "-" "Mozilla/5.0 (Windows NT 10.0; WOW64) AppleWebKit/537.36 (KHTML, like Gecko) Chrome/63.0.3239.132 Safari/537.36"
::1 - - [27/Feb/2020:20:20:51 +0800] "GET /phpmyadmin/themes/pmahomme/img/b_usrlist.png HTTP/1.1" 200 677 "http://localhost/phpmyadmin/themes/pmahomme/css/theme.css?v=5.0.1&nocache=6175733722ltr&server=1" "Mozilla/5.0 (Windows NT 10.0; WOW64) AppleWebKit/537.36 (KHTML, like Gecko) Chrome/63.0.3239.132 Safari/537.36"
::1 - - [27/Feb/2020:20:20:51 +0800] "GET /phpmyadmin/themes/pmahomme/img/b_usredit.png HTTP/1.1" 200 757 "http://localhost/phpmyadmin/themes/pmahomme/css/theme.css?v=5.0.1&nocache=6175733722ltr&server=1" "Mozilla/5.0 (Windows NT 10.0; WOW64) AppleWebKit/537.36 (KHTML, like Gecko) Chrome/63.0.3239.132 Safari/537.36"
::1 - - [27/Feb/2020:20:20:51 +0800] "GET /phpmyadmin/themes/pmahomme/img/b_tblexport.png HTTP/1.1" 200 514 "http://localhost/phpmyadmin/themes/pmahomme/css/theme.css?v=5.0.1&nocache=6175733722ltr&server=1" "Mozilla/5.0 (Windows NT 10.0; WOW64) AppleWebKit/537.36 (KHTML, like Gecko) Chrome/63.0.3239.132 Safari/537.36"
::1 - - [27/Feb/2020:20:20:51 +0800] "GET /phpmyadmin/themes/pmahomme/img/b_usradd.png HTTP/1.1" 200 670 "http://localhost/phpmyadmin/themes/pmahomme/css/theme.css?v=5.0.1&nocache=6175733722ltr&server=1" "Mozilla/5.0 (Windows NT 10.0; WOW64) AppleWebKit/537.36 (KHTML, like Gecko) Chrome/63.0.3239.132 Safari/537.36"
::1 - - [27/Feb/2020:20:20:51 +0800] "GET /phpmyadmin/themes/pmahomme/img/b_usrdrop.png HTTP/1.1" 200 697 "http://localhost/phpmyadmin/themes/pmahomme/css/theme.css?v=5.0.1&nocache=6175733722ltr&server=1" "Mozilla/5.0 (Windows NT 10.0; WOW64) AppleWebKit/537.36 (KHTML, like Gecko) Chrome/63.0.3239.132 Safari/537.36"
::1 - - [27/Feb/2020:20:20:51 +0800] "GET /phpmyadmin/themes/pmahomme/img/s_notice.png HTTP/1.1" 200 567 "http://localhost/phpmyadmin/themes/pmahomme/css/theme.css?v=5.0.1&nocache=6175733722ltr&server=1" "Mozilla/5.0 (Windows NT 10.0; WOW64) AppleWebKit/537.36 (KHTML, like Gecko) Chrome/63.0.3239.132 Safari/537.36"
::1 - - [27/Feb/2020:20:20:51 +0800] "GET /phpmyadmin/js/server/privileges.js?v=5.0.1 HTTP/1.1" 200 19243 "-" "Mozilla/5.0 (Windows NT 10.0; WOW64) AppleWebKit/537.36 (KHTML, like Gecko) Chrome/63.0.3239.132 Safari/537.36"
::1 - - [27/Feb/2020:20:20:51 +0800] "GET /phpmyadmin/themes/pmahomme/img/arrow_ltr.png HTTP/1.1" 200 101 "-" "Mozilla/5.0 (Windows NT 10.0; WOW64) AppleWebKit/537.36 (KHTML, like Gecko) Chrome/63.0.3239.132 Safari/537.36"
::1 - - [27/Feb/2020:20:20:51 +0800] "GET /phpmyadmin/js/vendor/zxcvbn.js?v=5.0.1 HTTP/1.1" 200 821676 "-" "Mozilla/5.0 (Windows NT 10.0; WOW64) AppleWebKit/537.36 (KHTML, like Gecko) Chrome/63.0.3239.132 Safari/537.36"
::1 - - [27/Feb/2020:20:35:04 +0800] "GET /phpmyadmin/server_privileges.php?username=root&hostname=localhost&dbname=&tablename=&routinename=&ajax_request=true&ajax_page_request=true&_nocache=1582806904299640560&token=5336753e77776b4b257f7f6722417b30 HTTP/1.1" 200 6599 "-" "Mozilla/5.0 (Windows NT 10.0; WOW64) AppleWebKit/537.36 (KHTML, like Gecko) Chrome/63.0.3239.132 Safari/537.36"
::1 - - [27/Feb/2020:20:35:08 +0800] "GET /phpmyadmin/themes/pmahomme/img/s_unlink.png HTTP/1.1" 200 589 "http://localhost/phpmyadmin/themes/pmahomme/css/theme.css?v=5.0.1&nocache=6175733722ltr&server=1" "Mozilla/5.0 (Windows NT 10.0; WOW64) AppleWebKit/537.36 (KHTML, like Gecko) Chrome/63.0.3239.132 Safari/537.36"
::1 - - [27/Feb/2020:20:35:09 +0800] "GET /phpmyadmin/server_privileges.php?db=&table=&server=1&target=&viewing_mode=server&ajax_request=true&ajax_page_request=true&_nocache=158280690943649839&token=5336753e77776b4b257f7f6722417b30 HTTP/1.1" 200 3162 "-" "Mozilla/5.0 (Windows NT 10.0; WOW64) AppleWebKit/537.36 (KHTML, like Gecko) Chrome/63.0.3239.132 Safari/537.36"
::1 - - [27/Feb/2020:20:35:26 +0800] "GET /phpmyadmin/server_privileges.php?username=root&hostname=localhost&dbname=&tablename=&routinename=&ajax_request=true&ajax_page_request=true&_nocache=1582806926073786419&token=5336753e77776b4b257f7f6722417b30 HTTP/1.1" 200 6599 "-" "Mozilla/5.0 (Windows NT 10.0; WOW64) AppleWebKit/537.36 (KHTML, like Gecko) Chrome/63.0.3239.132 Safari/537.36"
::1 - - [27/Feb/2020:20:36:33 +0800] "POST /phpmyadmin/server_privileges.php HTTP/1.1" 200 6629 "-" "Mozilla/5.0 (Windows NT 10.0; WOW64) AppleWebKit/537.36 (KHTML, like Gecko) Chrome/63.0.3239.132 Safari/537.36"
::1 - - [27/Feb/2020:20:36:34 +0800] "GET /phpmyadmin/themes/pmahomme/img/s_success.png HTTP/1.1" 200 465 "http://localhost/phpmyadmin/themes/pmahomme/css/theme.css?v=5.0.1&nocache=6175733722ltr&server=1" "Mozilla/5.0 (Windows NT 10.0; WOW64) AppleWebKit/537.36 (KHTML, like Gecko) Chrome/63.0.3239.132 Safari/537.36"
::1 - - [27/Feb/2020:20:42:43 +0800] "GET / HTTP/1.1" 302 - "-" "Mozilla/5.0 (Windows NT 10.0; WOW64) AppleWebKit/537.36 (KHTML, like Gecko) Chrome/63.0.3239.132 Safari/537.36"
::1 - - [27/Feb/2020:20:42:45 +0800] "GET /phpmyadmin/ HTTP/1.1" 200 3681 "http://localhost/dashboard/" "Mozilla/5.0 (Windows NT 10.0; WOW64) AppleWebKit/537.36 (KHTML, like Gecko) Chrome/63.0.3239.132 Safari/537.36"
::1 - - [27/Feb/2020:20:42:46 +0800] "GET /phpmyadmin/themes/pmahomme/css/theme.css?v=5.0.1&nocache=4739705630ltr&server=1 HTTP/1.1" 200 100397 "-" "Mozilla/5.0 (Windows NT 10.0; WOW64) AppleWebKit/537.36 (KHTML, like Gecko) Chrome/63.0.3239.132 Safari/537.36"
::1 - - [27/Feb/2020:20:42:46 +0800] "GET /phpmyadmin/js/whitelist.php?v=5.0.1 HTTP/1.1" 200 478 "-" "Mozilla/5.0 (Windows NT 10.0; WOW64) AppleWebKit/537.36 (KHTML, like Gecko) Chrome/63.0.3239.132 Safari/537.36"
::1 - - [27/Feb/2020:20:42:46 +0800] "GET /phpmyadmin/themes/pmahomme/img/logo_right.png HTTP/1.1" 200 4306 "-" "Mozilla/5.0 (Windows NT 10.0; WOW64) AppleWebKit/537.36 (KHTML, like Gecko) Chrome/63.0.3239.132 Safari/537.36"
::1 - - [27/Feb/2020:20:42:46 +0800] "GET /phpmyadmin/js/messages.php?l=zh_CN&v=5.0.1 HTTP/1.1" 200 9704 "-" "Mozilla/5.0 (Windows NT 10.0; WOW64) AppleWebKit/537.36 (KHTML, like Gecko) Chrome/63.0.3239.132 Safari/537.36"
::1 - - [27/Feb/2020:20:42:46 +0800] "GET /phpmyadmin/themes/pmahomme/img/s_error.png HTTP/1.1" 200 614 "http://localhost/phpmyadmin/themes/pmahomme/css/theme.css?v=5.0.1&nocache=4739705630ltr&server=1" "Mozilla/5.0 (Windows NT 10.0; WOW64) AppleWebKit/537.36 (KHTML, like Gecko) Chrome/63.0.3239.132 Safari/537.36"
::1 - - [27/Feb/2020:20:42:50 +0800] "POST /phpmyadmin/index.php HTTP/1.1" 200 3800 "-" "Mozilla/5.0 (Windows NT 10.0; WOW64) AppleWebKit/537.36 (KHTML, like Gecko) Chrome/63.0.3239.132 Safari/537.36"
::1 - - [27/Feb/2020:20:43:00 +0800] "POST /phpmyadmin/index.php HTTP/1.1" 302 20 "-" "Mozilla/5.0 (Windows NT 10.0; WOW64) AppleWebKit/537.36 (KHTML, like Gecko) Chrome/63.0.3239.132 Safari/537.36"
::1 - - [27/Feb/2020:20:43:01 +0800] "GET /phpmyadmin/themes/pmahomme/css/theme.css?v=5.0.1&nocache=6322511626ltr&server=1 HTTP/1.1" 200 100397 "-" "Mozilla/5.0 (Windows NT 10.0; WOW64) AppleWebKit/537.36 (KHTML, like Gecko) Chrome/63.0.3239.132 Safari/537.36"
::1 - - [27/Feb/2020:20:43:01 +0800] "GET /phpmyadmin/index.php HTTP/1.1" 200 15674 "-" "Mozilla/5.0 (Windows NT 10.0; WOW64) AppleWebKit/537.36 (KHTML, like Gecko) Chrome/63.0.3239.132 Safari/537.36"
::1 - - [27/Feb/2020:20:43:02 +0800] "GET /phpmyadmin/themes/pmahomme/img/s_passwd.png HTTP/1.1" 200 331 "http://localhost/phpmyadmin/themes/pmahomme/css/theme.css?v=5.0.1&nocache=6322511626ltr&server=1" "Mozilla/5.0 (Windows NT 10.0; WOW64) AppleWebKit/537.36 (KHTML, like Gecko) Chrome/63.0.3239.132 Safari/537.36"
::1 - - [27/Feb/2020:20:43:02 +0800] "POST /phpmyadmin/ajax.php HTTP/1.1" 200 1493 "-" "Mozilla/5.0 (Windows NT 10.0; WOW64) AppleWebKit/537.36 (KHTML, like Gecko) Chrome/63.0.3239.132 Safari/537.36"
::1 - - [27/Feb/2020:20:43:02 +0800] "POST /phpmyadmin/navigation.php?ajax_request=1 HTTP/1.1" 200 2266 "-" "Mozilla/5.0 (Windows NT 10.0; WOW64) AppleWebKit/537.36 (KHTML, like Gecko) Chrome/63.0.3239.132 Safari/537.36"
::1 - - [27/Feb/2020:20:43:02 +0800] "POST /phpmyadmin/ajax.php HTTP/1.1" 200 1591 "-" "Mozilla/5.0 (Windows NT 10.0; WOW64) AppleWebKit/537.36 (KHTML, like Gecko) Chrome/63.0.3239.132 Safari/537.36"
::1 - - [27/Feb/2020:20:43:02 +0800] "POST /phpmyadmin/ajax.php HTTP/1.1" 200 1485 "-" "Mozilla/5.0 (Windows NT 10.0; WOW64) AppleWebKit/537.36 (KHTML, like Gecko) Chrome/63.0.3239.132 Safari/537.36"
::1 - - [27/Feb/2020:20:43:02 +0800] "POST /phpmyadmin/db_structure.php?ajax_request=1&favorite_table=1&sync_favorite_tables=1 HTTP/1.1" 200 162 "-" "Mozilla/5.0 (Windows NT 10.0; WOW64) AppleWebKit/537.36 (KHTML, like Gecko) Chrome/63.0.3239.132 Safari/537.36"
::1 - - [27/Feb/2020:20:43:02 +0800] "POST /phpmyadmin/version_check.php HTTP/1.1" 200 64 "-" "Mozilla/5.0 (Windows NT 10.0; WOW64) AppleWebKit/537.36 (KHTML, like Gecko) Chrome/63.0.3239.132 Safari/537.36"
